[21:01:23][INFO][C:\dasae-storage\dev\source\c-cpp-workspace\projects\tests\test_terminal\examples\pseudo-3d-fps\game\fireworks.c:103] engine initialized

[21:01:23][INFO][C:\dasae-storage\dev\source\c-cpp-workspace\projects\tests\test_terminal\examples\pseudo-3d-fps\game\fireworks.c:112] canvas created

[21:01:23][INFO][C:\dasae-storage\dev\source\c-cpp-workspace\projects\tests\test_terminal\examples\pseudo-3d-fps\game\fireworks.c:115] canvas cleared

[21:01:23][INFO][C:\dasae-storage\dev\source\c-cpp-workspace\projects\tests\test_terminal\examples\pseudo-3d-fps\game\fireworks.c:119] canvas views added

[21:01:23][INFO][C:\dasae-storage\dev\source\c-cpp-workspace\projects\tests\test_terminal\examples\pseudo-3d-fps\game\fireworks.c:129] game state created

[21:01:24][INFO][C:\dasae-storage\dev\source\c-cpp-workspace\projects\tests\test_terminal\examples\pseudo-3d-fps\game\fireworks.c:135] game loop started

[21:01:24][DEBUG][C:\dasae-storage\dev\source\c-cpp-workspace\projects\tests\test_terminal\examples\pseudo-3d-fps\game\fireworks.c:451] Spawning new firework...
[21:01:24][DEBUG][C:\dasae-storage\dev\source\c-cpp-workspace\projects\tests\test_terminal\examples\pseudo-3d-fps\game\fireworks.c:452] 0 fireworks remaining: Removing dead fireworks...
[21:01:24][DEBUG][C:\dasae-storage\dev\source\c-cpp-workspace\projects\tests\test_terminal\examples\pseudo-3d-fps\game\fireworks.c:462] Removed dead fireworks: 0 fireworks remaining
[21:01:24][DEBUG][C:\dasae-storage\dev\source\c-cpp-workspace\projects\tests\test_terminal\examples\pseudo-3d-fps\game\fireworks.c:271] Initializing firework(000001732F3176B8) at (11, 100)

[21:01:24][DEBUG][C:\dasae-storage\dev\source\c-cpp-workspace\projects\tests\test_terminal\examples\pseudo-3d-fps\game\fireworks.c:420] Spawning rocket at (11.00, 100.00)
[21:01:25][DEBUG][C:\dasae-storage\dev\source\c-cpp-workspace\projects\tests\test_terminal\examples\pseudo-3d-fps\game\fireworks.c:330] Spawning 25 effects at (11.00, 64.33)
[21:01:25][DEBUG][C:\dasae-storage\dev\source\c-cpp-workspace\projects\tests\test_terminal\examples\pseudo-3d-fps\game\fireworks.c:349] destroying rocket(000001732F3198F8)

[21:01:25][DEBUG][C:\dasae-storage\dev\source\c-cpp-workspace\projects\tests\test_terminal\examples\pseudo-3d-fps\game\fireworks.c:351] rocket destroyed

[21:01:25][DEBUG][C:\dasae-storage\dev\source\c-cpp-workspace\projects\tests\test_terminal\examples\pseudo-3d-fps\game\fireworks.c:451] Spawning new firework...
[21:01:25][DEBUG][C:\dasae-storage\dev\source\c-cpp-workspace\projects\tests\test_terminal\examples\pseudo-3d-fps\game\fireworks.c:452] 1 fireworks remaining: Removing dead fireworks...
[21:01:25][DEBUG][C:\dasae-storage\dev\source\c-cpp-workspace\projects\tests\test_terminal\examples\pseudo-3d-fps\game\fireworks.c:462] Removed dead fireworks: 1 fireworks remaining
[21:01:25][DEBUG][C:\dasae-storage\dev\source\c-cpp-workspace\projects\tests\test_terminal\examples\pseudo-3d-fps\game\fireworks.c:271] Initializing firework(000001732F317720) at (71, 100)

[21:01:25][DEBUG][C:\dasae-storage\dev\source\c-cpp-workspace\projects\tests\test_terminal\examples\pseudo-3d-fps\game\fireworks.c:420] Spawning rocket at (71.00, 100.00)
[21:01:25][DEBUG][C:\dasae-storage\dev\source\c-cpp-workspace\projects\tests\test_terminal\examples\pseudo-3d-fps\game\fireworks.c:330] Spawning 25 effects at (71.00, 72.78)
[21:01:25][DEBUG][C:\dasae-storage\dev\source\c-cpp-workspace\projects\tests\test_terminal\examples\pseudo-3d-fps\game\fireworks.c:349] destroying rocket(000001732F3198F8)

[21:01:25][DEBUG][C:\dasae-storage\dev\source\c-cpp-workspace\projects\tests\test_terminal\examples\pseudo-3d-fps\game\fireworks.c:351] rocket destroyed

[21:01:26][DEBUG][C:\dasae-storage\dev\source\c-cpp-workspace\projects\tests\test_terminal\examples\pseudo-3d-fps\game\fireworks.c:451] Spawning new firework...
[21:01:26][DEBUG][C:\dasae-storage\dev\source\c-cpp-workspace\projects\tests\test_terminal\examples\pseudo-3d-fps\game\fireworks.c:452] 2 fireworks remaining: Removing dead fireworks...
[21:01:26][DEBUG][C:\dasae-storage\dev\source\c-cpp-workspace\projects\tests\test_terminal\examples\pseudo-3d-fps\game\fireworks.c:462] Removed dead fireworks: 2 fireworks remaining
[21:01:26][DEBUG][C:\dasae-storage\dev\source\c-cpp-workspace\projects\tests\test_terminal\examples\pseudo-3d-fps\game\fireworks.c:271] Initializing firework(000001732F317788) at (105, 100)

[21:01:26][DEBUG][C:\dasae-storage\dev\source\c-cpp-workspace\projects\tests\test_terminal\examples\pseudo-3d-fps\game\fireworks.c:420] Spawning rocket at (105.00, 100.00)
[21:01:26][DEBUG][C:\dasae-storage\dev\source\c-cpp-workspace\projects\tests\test_terminal\examples\pseudo-3d-fps\game\fireworks.c:451] Spawning new firework...
[21:01:26][DEBUG][C:\dasae-storage\dev\source\c-cpp-workspace\projects\tests\test_terminal\examples\pseudo-3d-fps\game\fireworks.c:452] 3 fireworks remaining: Removing dead fireworks...
[21:01:26][DEBUG][C:\dasae-storage\dev\source\c-cpp-workspace\projects\tests\test_terminal\examples\pseudo-3d-fps\game\fireworks.c:462] Removed dead fireworks: 3 fireworks remaining
[21:01:26][DEBUG][C:\dasae-storage\dev\source\c-cpp-workspace\projects\tests\test_terminal\examples\pseudo-3d-fps\game\fireworks.c:271] Initializing firework(000001732F3177F0) at (35, 100)

[21:01:26][DEBUG][C:\dasae-storage\dev\source\c-cpp-workspace\projects\tests\test_terminal\examples\pseudo-3d-fps\game\fireworks.c:420] Spawning rocket at (35.00, 100.00)
[21:01:26][DEBUG][C:\dasae-storage\dev\source\c-cpp-workspace\projects\tests\test_terminal\examples\pseudo-3d-fps\game\fireworks.c:451] Spawning new firework...
[21:01:26][DEBUG][C:\dasae-storage\dev\source\c-cpp-workspace\projects\tests\test_terminal\examples\pseudo-3d-fps\game\fireworks.c:452] 4 fireworks remaining: Removing dead fireworks...
[21:01:26][DEBUG][C:\dasae-storage\dev\source\c-cpp-workspace\projects\tests\test_terminal\examples\pseudo-3d-fps\game\fireworks.c:462] Removed dead fireworks: 4 fireworks remaining
[21:01:26][DEBUG][C:\dasae-storage\dev\source\c-cpp-workspace\projects\tests\test_terminal\examples\pseudo-3d-fps\game\fireworks.c:271] Initializing firework(000001732F317858) at (113, 100)

[21:01:26][DEBUG][C:\dasae-storage\dev\source\c-cpp-workspace\projects\tests\test_terminal\examples\pseudo-3d-fps\game\fireworks.c:420] Spawning rocket at (113.00, 100.00)
[21:01:26][DEBUG][C:\dasae-storage\dev\source\c-cpp-workspace\projects\tests\test_terminal\examples\pseudo-3d-fps\game\fireworks.c:451] Spawning new firework...
[21:01:26][DEBUG][C:\dasae-storage\dev\source\c-cpp-workspace\projects\tests\test_terminal\examples\pseudo-3d-fps\game\fireworks.c:452] 5 fireworks remaining: Removing dead fireworks...
[21:01:26][DEBUG][C:\dasae-storage\dev\source\c-cpp-workspace\projects\tests\test_terminal\examples\pseudo-3d-fps\game\fireworks.c:462] Removed dead fireworks: 5 fireworks remaining
[21:01:26][DEBUG][C:\dasae-storage\dev\source\c-cpp-workspace\projects\tests\test_terminal\examples\pseudo-3d-fps\game\fireworks.c:271] Initializing firework(000001732F3178C0) at (120, 100)

[21:01:26][DEBUG][C:\dasae-storage\dev\source\c-cpp-workspace\projects\tests\test_terminal\examples\pseudo-3d-fps\game\fireworks.c:420] Spawning rocket at (120.00, 100.00)
[21:01:26][DEBUG][C:\dasae-storage\dev\source\c-cpp-workspace\projects\tests\test_terminal\examples\pseudo-3d-fps\game\fireworks.c:451] Spawning new firework...
[21:01:26][DEBUG][C:\dasae-storage\dev\source\c-cpp-workspace\projects\tests\test_terminal\examples\pseudo-3d-fps\game\fireworks.c:452] 6 fireworks remaining: Removing dead fireworks...
[21:01:26][DEBUG][C:\dasae-storage\dev\source\c-cpp-workspace\projects\tests\test_terminal\examples\pseudo-3d-fps\game\fireworks.c:462] Removed dead fireworks: 6 fireworks remaining
[21:01:26][DEBUG][C:\dasae-storage\dev\source\c-cpp-workspace\projects\tests\test_terminal\examples\pseudo-3d-fps\game\fireworks.c:271] Initializing firework(000001732F317928) at (51, 100)

[21:01:26][DEBUG][C:\dasae-storage\dev\source\c-cpp-workspace\projects\tests\test_terminal\examples\pseudo-3d-fps\game\fireworks.c:420] Spawning rocket at (51.00, 100.00)
[21:01:26][DEBUG][C:\dasae-storage\dev\source\c-cpp-workspace\projects\tests\test_terminal\examples\pseudo-3d-fps\game\fireworks.c:330] Spawning 25 effects at (35.00, 62.90)
[21:01:26][DEBUG][C:\dasae-storage\dev\source\c-cpp-workspace\projects\tests\test_terminal\examples\pseudo-3d-fps\game\fireworks.c:349] destroying rocket(000001732F317D58)

[21:01:26][DEBUG][C:\dasae-storage\dev\source\c-cpp-workspace\projects\tests\test_terminal\examples\pseudo-3d-fps\game\fireworks.c:351] rocket destroyed

[21:01:26][DEBUG][C:\dasae-storage\dev\source\c-cpp-workspace\projects\tests\test_terminal\examples\pseudo-3d-fps\game\fireworks.c:451] Spawning new firework...
[21:01:26][DEBUG][C:\dasae-storage\dev\source\c-cpp-workspace\projects\tests\test_terminal\examples\pseudo-3d-fps\game\fireworks.c:452] 7 fireworks remaining: Removing dead fireworks...
[21:01:26][DEBUG][C:\dasae-storage\dev\source\c-cpp-workspace\projects\tests\test_terminal\examples\pseudo-3d-fps\game\fireworks.c:462] Removed dead fireworks: 7 fireworks remaining
[21:01:26][DEBUG][C:\dasae-storage\dev\source\c-cpp-workspace\projects\tests\test_terminal\examples\pseudo-3d-fps\game\fireworks.c:271] Initializing firework(000001732F317990) at (142, 100)

[21:01:26][DEBUG][C:\dasae-storage\dev\source\c-cpp-workspace\projects\tests\test_terminal\examples\pseudo-3d-fps\game\fireworks.c:420] Spawning rocket at (142.00, 100.00)
[21:01:26][DEBUG][C:\dasae-storage\dev\source\c-cpp-workspace\projects\tests\test_terminal\examples\pseudo-3d-fps\game\fireworks.c:451] Spawning new firework...
[21:01:26][DEBUG][C:\dasae-storage\dev\source\c-cpp-workspace\projects\tests\test_terminal\examples\pseudo-3d-fps\game\fireworks.c:452] 8 fireworks remaining: Removing dead fireworks...
[21:01:26][DEBUG][C:\dasae-storage\dev\source\c-cpp-workspace\projects\tests\test_terminal\examples\pseudo-3d-fps\game\fireworks.c:462] Removed dead fireworks: 8 fireworks remaining
[21:01:26][DEBUG][C:\dasae-storage\dev\source\c-cpp-workspace\projects\tests\test_terminal\examples\pseudo-3d-fps\game\fireworks.c:271] Initializing firework(000001732F3179F8) at (65, 100)

[21:01:26][DEBUG][C:\dasae-storage\dev\source\c-cpp-workspace\projects\tests\test_terminal\examples\pseudo-3d-fps\game\fireworks.c:420] Spawning rocket at (65.00, 100.00)
[21:01:27][DEBUG][C:\dasae-storage\dev\source\c-cpp-workspace\projects\tests\test_terminal\examples\pseudo-3d-fps\game\fireworks.c:330] Spawning 25 effects at (105.00, 16.89)
[21:01:27][DEBUG][C:\dasae-storage\dev\source\c-cpp-workspace\projects\tests\test_terminal\examples\pseudo-3d-fps\game\fireworks.c:349] destroying rocket(000001732F3198F8)

[21:01:27][DEBUG][C:\dasae-storage\dev\source\c-cpp-workspace\projects\tests\test_terminal\examples\pseudo-3d-fps\game\fireworks.c:351] rocket destroyed

[21:01:27][DEBUG][C:\dasae-storage\dev\source\c-cpp-workspace\projects\tests\test_terminal\examples\pseudo-3d-fps\game\fireworks.c:330] Spawning 25 effects at (113.00, 54.40)
[21:01:27][DEBUG][C:\dasae-storage\dev\source\c-cpp-workspace\projects\tests\test_terminal\examples\pseudo-3d-fps\game\fireworks.c:349] destroying rocket(000001732F317DC8)

[21:01:27][DEBUG][C:\dasae-storage\dev\source\c-cpp-workspace\projects\tests\test_terminal\examples\pseudo-3d-fps\game\fireworks.c:351] rocket destroyed

[21:01:27][DEBUG][C:\dasae-storage\dev\source\c-cpp-workspace\projects\tests\test_terminal\examples\pseudo-3d-fps\game\fireworks.c:330] Spawning 25 effects at (120.00, 51.36)
[21:01:27][DEBUG][C:\dasae-storage\dev\source\c-cpp-workspace\projects\tests\test_terminal\examples\pseudo-3d-fps\game\fireworks.c:349] destroying rocket(000001732F317E38)

[21:01:27][DEBUG][C:\dasae-storage\dev\source\c-cpp-workspace\projects\tests\test_terminal\examples\pseudo-3d-fps\game\fireworks.c:351] rocket destroyed

[21:01:27][DEBUG][C:\dasae-storage\dev\source\c-cpp-workspace\projects\tests\test_terminal\examples\pseudo-3d-fps\game\fireworks.c:451] Spawning new firework...
[21:01:27][DEBUG][C:\dasae-storage\dev\source\c-cpp-workspace\projects\tests\test_terminal\examples\pseudo-3d-fps\game\fireworks.c:452] 9 fireworks remaining: Removing dead fireworks...
[21:01:27][DEBUG][C:\dasae-storage\dev\source\c-cpp-workspace\projects\tests\test_terminal\examples\pseudo-3d-fps\game\fireworks.c:462] Removed dead fireworks: 9 fireworks remaining
[21:01:27][DEBUG][C:\dasae-storage\dev\source\c-cpp-workspace\projects\tests\test_terminal\examples\pseudo-3d-fps\game\fireworks.c:271] Initializing firework(000001732F317A60) at (86, 100)

[21:01:27][DEBUG][C:\dasae-storage\dev\source\c-cpp-workspace\projects\tests\test_terminal\examples\pseudo-3d-fps\game\fireworks.c:420] Spawning rocket at (86.00, 100.00)
[21:01:27][DEBUG][C:\dasae-storage\dev\source\c-cpp-workspace\projects\tests\test_terminal\examples\pseudo-3d-fps\game\fireworks.c:330] Spawning 25 effects at (51.00, 74.12)
[21:01:27][DEBUG][C:\dasae-storage\dev\source\c-cpp-workspace\projects\tests\test_terminal\examples\pseudo-3d-fps\game\fireworks.c:349] destroying rocket(000001732F32F998)

[21:01:27][DEBUG][C:\dasae-storage\dev\source\c-cpp-workspace\projects\tests\test_terminal\examples\pseudo-3d-fps\game\fireworks.c:351] rocket destroyed

[21:01:27][DEBUG][C:\dasae-storage\dev\source\c-cpp-workspace\projects\tests\test_terminal\examples\pseudo-3d-fps\game\fireworks.c:330] Spawning 25 effects at (142.00, 66.69)
[21:01:27][DEBUG][C:\dasae-storage\dev\source\c-cpp-workspace\projects\tests\test_terminal\examples\pseudo-3d-fps\game\fireworks.c:349] destroying rocket(000001732F317D58)

[21:01:27][DEBUG][C:\dasae-storage\dev\source\c-cpp-workspace\projects\tests\test_terminal\examples\pseudo-3d-fps\game\fireworks.c:351] rocket destroyed

[21:01:27][DEBUG][C:\dasae-storage\dev\source\c-cpp-workspace\projects\tests\test_terminal\examples\pseudo-3d-fps\game\fireworks.c:330] Spawning 25 effects at (65.00, 50.77)
[21:01:27][DEBUG][C:\dasae-storage\dev\source\c-cpp-workspace\projects\tests\test_terminal\examples\pseudo-3d-fps\game\fireworks.c:349] destroying rocket(000001732F3309E8)

[21:01:27][DEBUG][C:\dasae-storage\dev\source\c-cpp-workspace\projects\tests\test_terminal\examples\pseudo-3d-fps\game\fireworks.c:351] rocket destroyed

[21:01:27][DEBUG][C:\dasae-storage\dev\source\c-cpp-workspace\projects\tests\test_terminal\examples\pseudo-3d-fps\game\fireworks.c:451] Spawning new firework...
[21:01:27][DEBUG][C:\dasae-storage\dev\source\c-cpp-workspace\projects\tests\test_terminal\examples\pseudo-3d-fps\game\fireworks.c:452] 10 fireworks remaining: Removing dead fireworks...
[21:01:27][DEBUG][C:\dasae-storage\dev\source\c-cpp-workspace\projects\tests\test_terminal\examples\pseudo-3d-fps\game\fireworks.c:462] Removed dead fireworks: 10 fireworks remaining
[21:01:27][DEBUG][C:\dasae-storage\dev\source\c-cpp-workspace\projects\tests\test_terminal\examples\pseudo-3d-fps\game\fireworks.c:271] Initializing firework(000001732F317AC8) at (155, 100)

[21:01:27][DEBUG][C:\dasae-storage\dev\source\c-cpp-workspace\projects\tests\test_terminal\examples\pseudo-3d-fps\game\fireworks.c:420] Spawning rocket at (155.00, 100.00)
[21:01:27][DEBUG][C:\dasae-storage\dev\source\c-cpp-workspace\projects\tests\test_terminal\examples\pseudo-3d-fps\game\fireworks.c:451] Spawning new firework...
[21:01:27][DEBUG][C:\dasae-storage\dev\source\c-cpp-workspace\projects\tests\test_terminal\examples\pseudo-3d-fps\game\fireworks.c:452] 11 fireworks remaining: Removing dead fireworks...
[21:01:27][DEBUG][C:\dasae-storage\dev\source\c-cpp-workspace\projects\tests\test_terminal\examples\pseudo-3d-fps\game\fireworks.c:462] Removed dead fireworks: 11 fireworks remaining
[21:01:27][DEBUG][C:\dasae-storage\dev\source\c-cpp-workspace\projects\tests\test_terminal\examples\pseudo-3d-fps\game\fireworks.c:271] Initializing firework(000001732F317B30) at (108, 100)

[21:01:27][DEBUG][C:\dasae-storage\dev\source\c-cpp-workspace\projects\tests\test_terminal\examples\pseudo-3d-fps\game\fireworks.c:420] Spawning rocket at (108.00, 100.00)
[21:01:27][DEBUG][C:\dasae-storage\dev\source\c-cpp-workspace\projects\tests\test_terminal\examples\pseudo-3d-fps\game\fireworks.c:451] Spawning new firework...
[21:01:27][DEBUG][C:\dasae-storage\dev\source\c-cpp-workspace\projects\tests\test_terminal\examples\pseudo-3d-fps\game\fireworks.c:452] 12 fireworks remaining: Removing dead fireworks...
[21:01:27][DEBUG][C:\dasae-storage\dev\source\c-cpp-workspace\projects\tests\test_terminal\examples\pseudo-3d-fps\game\fireworks.c:462] Removed dead fireworks: 12 fireworks remaining
[21:01:27][DEBUG][C:\dasae-storage\dev\source\c-cpp-workspace\projects\tests\test_terminal\examples\pseudo-3d-fps\game\fireworks.c:271] Initializing firework(000001732F317B98) at (72, 100)

[21:01:27][DEBUG][C:\dasae-storage\dev\source\c-cpp-workspace\projects\tests\test_terminal\examples\pseudo-3d-fps\game\fireworks.c:420] Spawning rocket at (72.00, 100.00)
[21:01:27][DEBUG][C:\dasae-storage\dev\source\c-cpp-workspace\projects\tests\test_terminal\examples\pseudo-3d-fps\game\fireworks.c:330] Spawning 25 effects at (86.00, 55.78)
[21:01:27][DEBUG][C:\dasae-storage\dev\source\c-cpp-workspace\projects\tests\test_terminal\examples\pseudo-3d-fps\game\fireworks.c:349] destroying rocket(000001732F3198F8)

[21:01:27][DEBUG][C:\dasae-storage\dev\source\c-cpp-workspace\projects\tests\test_terminal\examples\pseudo-3d-fps\game\fireworks.c:351] rocket destroyed

[21:01:27][DEBUG][C:\dasae-storage\dev\source\c-cpp-workspace\projects\tests\test_terminal\examples\pseudo-3d-fps\game\fireworks.c:451] Spawning new firework...
[21:01:27][DEBUG][C:\dasae-storage\dev\source\c-cpp-workspace\projects\tests\test_terminal\examples\pseudo-3d-fps\game\fireworks.c:452] 13 fireworks remaining: Removing dead fireworks...
[21:01:27][DEBUG][C:\dasae-storage\dev\source\c-cpp-workspace\projects\tests\test_terminal\examples\pseudo-3d-fps\game\fireworks.c:462] Removed dead fireworks: 13 fireworks remaining
[21:01:27][DEBUG][C:\dasae-storage\dev\source\c-cpp-workspace\projects\tests\test_terminal\examples\pseudo-3d-fps\game\fireworks.c:271] Initializing firework(000001732F317C00) at (150, 100)

[21:01:27][DEBUG][C:\dasae-storage\dev\source\c-cpp-workspace\projects\tests\test_terminal\examples\pseudo-3d-fps\game\fireworks.c:420] Spawning rocket at (150.00, 100.00)
[21:01:28][DEBUG][C:\dasae-storage\dev\source\c-cpp-workspace\projects\tests\test_terminal\examples\pseudo-3d-fps\game\fireworks.c:451] Spawning new firework...
[21:01:28][DEBUG][C:\dasae-storage\dev\source\c-cpp-workspace\projects\tests\test_terminal\examples\pseudo-3d-fps\game\fireworks.c:452] 14 fireworks remaining: Removing dead fireworks...
[21:01:28][DEBUG][C:\dasae-storage\dev\source\c-cpp-workspace\projects\tests\test_terminal\examples\pseudo-3d-fps\game\fireworks.c:462] Removed dead fireworks: 14 fireworks remaining
[21:01:28][DEBUG][C:\dasae-storage\dev\source\c-cpp-workspace\projects\tests\test_terminal\examples\pseudo-3d-fps\game\fireworks.c:271] Initializing firework(000001732F317C68) at (48, 100)

[21:01:28][DEBUG][C:\dasae-storage\dev\source\c-cpp-workspace\projects\tests\test_terminal\examples\pseudo-3d-fps\game\fireworks.c:420] Spawning rocket at (48.00, 100.00)
[21:01:28][DEBUG][C:\dasae-storage\dev\source\c-cpp-workspace\projects\tests\test_terminal\examples\pseudo-3d-fps\game\fireworks.c:330] Spawning 25 effects at (108.00, 59.47)
[21:01:28][DEBUG][C:\dasae-storage\dev\source\c-cpp-workspace\projects\tests\test_terminal\examples\pseudo-3d-fps\game\fireworks.c:349] destroying rocket(000001732F32F998)

[21:01:28][DEBUG][C:\dasae-storage\dev\source\c-cpp-workspace\projects\tests\test_terminal\examples\pseudo-3d-fps\game\fireworks.c:351] rocket destroyed

[21:01:28][DEBUG][C:\dasae-storage\dev\source\c-cpp-workspace\projects\tests\test_terminal\examples\pseudo-3d-fps\game\fireworks.c:330] Spawning 25 effects at (155.00, 52.18)
[21:01:28][DEBUG][C:\dasae-storage\dev\source\c-cpp-workspace\projects\tests\test_terminal\examples\pseudo-3d-fps\game\fireworks.c:349] destroying rocket(000001732F3309E8)

[21:01:28][DEBUG][C:\dasae-storage\dev\source\c-cpp-workspace\projects\tests\test_terminal\examples\pseudo-3d-fps\game\fireworks.c:351] rocket destroyed

[21:01:28][DEBUG][C:\dasae-storage\dev\source\c-cpp-workspace\projects\tests\test_terminal\examples\pseudo-3d-fps\game\fireworks.c:451] Spawning new firework...
[21:01:28][DEBUG][C:\dasae-storage\dev\source\c-cpp-workspace\projects\tests\test_terminal\examples\pseudo-3d-fps\game\fireworks.c:452] 15 fireworks remaining: Removing dead fireworks...
[21:01:28][DEBUG][C:\dasae-storage\dev\source\c-cpp-workspace\projects\tests\test_terminal\examples\pseudo-3d-fps\game\fireworks.c:462] Removed dead fireworks: 15 fireworks remaining
[21:01:28][DEBUG][C:\dasae-storage\dev\source\c-cpp-workspace\projects\tests\test_terminal\examples\pseudo-3d-fps\game\fireworks.c:271] Initializing firework(000001732F317CD0) at (158, 100)

[21:01:28][DEBUG][C:\dasae-storage\dev\source\c-cpp-workspace\projects\tests\test_terminal\examples\pseudo-3d-fps\game\fireworks.c:420] Spawning rocket at (158.00, 100.00)
[21:01:28][DEBUG][C:\dasae-storage\dev\source\c-cpp-workspace\projects\tests\test_terminal\examples\pseudo-3d-fps\game\fireworks.c:330] Spawning 25 effects at (72.00, 50.01)
[21:01:28][DEBUG][C:\dasae-storage\dev\source\c-cpp-workspace\projects\tests\test_terminal\examples\pseudo-3d-fps\game\fireworks.c:349] destroying rocket(000001732F317D58)

[21:01:28][DEBUG][C:\dasae-storage\dev\source\c-cpp-workspace\projects\tests\test_terminal\examples\pseudo-3d-fps\game\fireworks.c:351] rocket destroyed

[21:01:28][DEBUG][C:\dasae-storage\dev\source\c-cpp-workspace\projects\tests\test_terminal\examples\pseudo-3d-fps\game\fireworks.c:330] Spawning 25 effects at (150.00, 70.64)
[21:01:28][DEBUG][C:\dasae-storage\dev\source\c-cpp-workspace\projects\tests\test_terminal\examples\pseudo-3d-fps\game\fireworks.c:349] destroying rocket(000001732F3198F8)

[21:01:28][DEBUG][C:\dasae-storage\dev\source\c-cpp-workspace\projects\tests\test_terminal\examples\pseudo-3d-fps\game\fireworks.c:351] rocket destroyed

[21:01:28][DEBUG][C:\dasae-storage\dev\source\c-cpp-workspace\projects\tests\test_terminal\examples\pseudo-3d-fps\game\fireworks.c:451] Spawning new firework...
[21:01:28][DEBUG][C:\dasae-storage\dev\source\c-cpp-workspace\projects\tests\test_terminal\examples\pseudo-3d-fps\game\fireworks.c:452] 16 fireworks remaining: Removing dead fireworks...
[21:01:28][DEBUG][C:\dasae-storage\dev\source\c-cpp-workspace\projects\tests\test_terminal\examples\pseudo-3d-fps\game\fireworks.c:462] Removed dead fireworks: 16 fireworks remaining
[21:01:28][DEBUG][C:\dasae-storage\dev\source\c-cpp-workspace\projects\tests\test_terminal\examples\pseudo-3d-fps\game\fireworks.c:330] Spawning 25 effects at (48.00, 36.83)
[21:01:28][DEBUG][C:\dasae-storage\dev\source\c-cpp-workspace\projects\tests\test_terminal\examples\pseudo-3d-fps\game\fireworks.c:349] destroying rocket(000001732F317DC8)

[21:01:28][DEBUG][C:\dasae-storage\dev\source\c-cpp-workspace\projects\tests\test_terminal\examples\pseudo-3d-fps\game\fireworks.c:351] rocket destroyed

[21:01:28][DEBUG][C:\dasae-storage\dev\source\c-cpp-workspace\projects\tests\test_terminal\examples\pseudo-3d-fps\game\fireworks.c:451] Spawning new firework...
[21:01:28][DEBUG][C:\dasae-storage\dev\source\c-cpp-workspace\projects\tests\test_terminal\examples\pseudo-3d-fps\game\fireworks.c:452] 16 fireworks remaining: Removing dead fireworks...
[21:01:28][DEBUG][C:\dasae-storage\dev\source\c-cpp-workspace\projects\tests\test_terminal\examples\pseudo-3d-fps\game\fireworks.c:462] Removed dead fireworks: 16 fireworks remaining
[21:01:28][DEBUG][C:\dasae-storage\dev\source\c-cpp-workspace\projects\tests\test_terminal\examples\pseudo-3d-fps\game\fireworks.c:330] Spawning 25 effects at (158.00, 26.72)
[21:01:28][DEBUG][C:\dasae-storage\dev\source\c-cpp-workspace\projects\tests\test_terminal\examples\pseudo-3d-fps\game\fireworks.c:349] destroying rocket(000001732F3309E8)

[21:01:28][DEBUG][C:\dasae-storage\dev\source\c-cpp-workspace\projects\tests\test_terminal\examples\pseudo-3d-fps\game\fireworks.c:351] rocket destroyed

[21:01:28][DEBUG][C:\dasae-storage\dev\source\c-cpp-workspace\projects\tests\test_terminal\examples\pseudo-3d-fps\game\fireworks.c:451] Spawning new firework...
[21:01:28][DEBUG][C:\dasae-storage\dev\source\c-cpp-workspace\projects\tests\test_terminal\examples\pseudo-3d-fps\game\fireworks.c:452] 16 fireworks remaining: Removing dead fireworks...
[21:01:28][DEBUG][C:\dasae-storage\dev\source\c-cpp-workspace\projects\tests\test_terminal\examples\pseudo-3d-fps\game\fireworks.c:462] Removed dead fireworks: 16 fireworks remaining
[21:01:28][DEBUG][C:\dasae-storage\dev\source\c-cpp-workspace\projects\tests\test_terminal\examples\pseudo-3d-fps\game\fireworks.c:451] Spawning new firework...
[21:01:28][DEBUG][C:\dasae-storage\dev\source\c-cpp-workspace\projects\tests\test_terminal\examples\pseudo-3d-fps\game\fireworks.c:452] 16 fireworks remaining: Removing dead fireworks...
[21:01:28][DEBUG][C:\dasae-storage\dev\source\c-cpp-workspace\projects\tests\test_terminal\examples\pseudo-3d-fps\game\fireworks.c:462] Removed dead fireworks: 16 fireworks remaining
[21:01:29][DEBUG][C:\dasae-storage\dev\source\c-cpp-workspace\projects\tests\test_terminal\examples\pseudo-3d-fps\game\fireworks.c:451] Spawning new firework...
[21:01:29][DEBUG][C:\dasae-storage\dev\source\c-cpp-workspace\projects\tests\test_terminal\examples\pseudo-3d-fps\game\fireworks.c:452] 16 fireworks remaining: Removing dead fireworks...
[21:01:29][DEBUG][C:\dasae-storage\dev\source\c-cpp-workspace\projects\tests\test_terminal\examples\pseudo-3d-fps\game\fireworks.c:462] Removed dead fireworks: 16 fireworks remaining
[21:01:29][DEBUG][C:\dasae-storage\dev\source\c-cpp-workspace\projects\tests\test_terminal\examples\pseudo-3d-fps\game\fireworks.c:451] Spawning new firework...
[21:01:29][DEBUG][C:\dasae-storage\dev\source\c-cpp-workspace\projects\tests\test_terminal\examples\pseudo-3d-fps\game\fireworks.c:452] 16 fireworks remaining: Removing dead fireworks...
[21:01:29][DEBUG][C:\dasae-storage\dev\source\c-cpp-workspace\projects\tests\test_terminal\examples\pseudo-3d-fps\game\fireworks.c:462] Removed dead fireworks: 16 fireworks remaining
[21:01:29][DEBUG][C:\dasae-storage\dev\source\c-cpp-workspace\projects\tests\test_terminal\examples\pseudo-3d-fps\game\fireworks.c:451] Spawning new firework...
[21:01:29][DEBUG][C:\dasae-storage\dev\source\c-cpp-workspace\projects\tests\test_terminal\examples\pseudo-3d-fps\game\fireworks.c:452] 16 fireworks remaining: Removing dead fireworks...
[21:01:29][DEBUG][C:\dasae-storage\dev\source\c-cpp-workspace\projects\tests\test_terminal\examples\pseudo-3d-fps\game\fireworks.c:462] Removed dead fireworks: 16 fireworks remaining
[21:01:29][DEBUG][C:\dasae-storage\dev\source\c-cpp-workspace\projects\tests\test_terminal\examples\pseudo-3d-fps\game\fireworks.c:451] Spawning new firework...
[21:01:29][DEBUG][C:\dasae-storage\dev\source\c-cpp-workspace\projects\tests\test_terminal\examples\pseudo-3d-fps\game\fireworks.c:452] 16 fireworks remaining: Removing dead fireworks...
[21:01:29][DEBUG][C:\dasae-storage\dev\source\c-cpp-workspace\projects\tests\test_terminal\examples\pseudo-3d-fps\game\fireworks.c:462] Removed dead fireworks: 16 fireworks remaining
[21:01:29][DEBUG][C:\dasae-storage\dev\source\c-cpp-workspace\projects\tests\test_terminal\examples\pseudo-3d-fps\game\fireworks.c:451] Spawning new firework...
[21:01:29][DEBUG][C:\dasae-storage\dev\source\c-cpp-workspace\projects\tests\test_terminal\examples\pseudo-3d-fps\game\fireworks.c:452] 16 fireworks remaining: Removing dead fireworks...
[21:01:29][DEBUG][C:\dasae-storage\dev\source\c-cpp-workspace\projects\tests\test_terminal\examples\pseudo-3d-fps\game\fireworks.c:462] Removed dead fireworks: 16 fireworks remaining
[21:01:29][DEBUG][C:\dasae-storage\dev\source\c-cpp-workspace\projects\tests\test_terminal\examples\pseudo-3d-fps\game\fireworks.c:451] Spawning new firework...
[21:01:29][DEBUG][C:\dasae-storage\dev\source\c-cpp-workspace\projects\tests\test_terminal\examples\pseudo-3d-fps\game\fireworks.c:452] 16 fireworks remaining: Removing dead fireworks...
[21:01:29][DEBUG][C:\dasae-storage\dev\source\c-cpp-workspace\projects\tests\test_terminal\examples\pseudo-3d-fps\game\fireworks.c:462] Removed dead fireworks: 16 fireworks remaining
[21:01:29][DEBUG][C:\dasae-storage\dev\source\c-cpp-workspace\projects\tests\test_terminal\examples\pseudo-3d-fps\game\fireworks.c:451] Spawning new firework...
[21:01:29][DEBUG][C:\dasae-storage\dev\source\c-cpp-workspace\projects\tests\test_terminal\examples\pseudo-3d-fps\game\fireworks.c:452] 16 fireworks remaining: Removing dead fireworks...
[21:01:29][DEBUG][C:\dasae-storage\dev\source\c-cpp-workspace\projects\tests\test_terminal\examples\pseudo-3d-fps\game\fireworks.c:462] Removed dead fireworks: 16 fireworks remaining
[21:01:29][DEBUG][C:\dasae-storage\dev\source\c-cpp-workspace\projects\tests\test_terminal\examples\pseudo-3d-fps\game\fireworks.c:451] Spawning new firework...
[21:01:29][DEBUG][C:\dasae-storage\dev\source\c-cpp-workspace\projects\tests\test_terminal\examples\pseudo-3d-fps\game\fireworks.c:452] 16 fireworks remaining: Removing dead fireworks...
[21:01:29][DEBUG][C:\dasae-storage\dev\source\c-cpp-workspace\projects\tests\test_terminal\examples\pseudo-3d-fps\game\fireworks.c:462] Removed dead fireworks: 16 fireworks remaining
[21:01:29][DEBUG][C:\dasae-storage\dev\source\c-cpp-workspace\projects\tests\test_terminal\examples\pseudo-3d-fps\game\fireworks.c:451] Spawning new firework...
[21:01:29][DEBUG][C:\dasae-storage\dev\source\c-cpp-workspace\projects\tests\test_terminal\examples\pseudo-3d-fps\game\fireworks.c:452] 16 fireworks remaining: Removing dead fireworks...
[21:01:29][DEBUG][C:\dasae-storage\dev\source\c-cpp-workspace\projects\tests\test_terminal\examples\pseudo-3d-fps\game\fireworks.c:462] Removed dead fireworks: 16 fireworks remaining
[21:01:30][DEBUG][C:\dasae-storage\dev\source\c-cpp-workspace\projects\tests\test_terminal\examples\pseudo-3d-fps\game\fireworks.c:451] Spawning new firework...
[21:01:30][DEBUG][C:\dasae-storage\dev\source\c-cpp-workspace\projects\tests\test_terminal\examples\pseudo-3d-fps\game\fireworks.c:452] 16 fireworks remaining: Removing dead fireworks...
[21:01:30][DEBUG][C:\dasae-storage\dev\source\c-cpp-workspace\projects\tests\test_terminal\examples\pseudo-3d-fps\game\fireworks.c:462] Removed dead fireworks: 16 fireworks remaining
[21:01:30][DEBUG][C:\dasae-storage\dev\source\c-cpp-workspace\projects\tests\test_terminal\examples\pseudo-3d-fps\game\fireworks.c:451] Spawning new firework...
[21:01:30][DEBUG][C:\dasae-storage\dev\source\c-cpp-workspace\projects\tests\test_terminal\examples\pseudo-3d-fps\game\fireworks.c:452] 16 fireworks remaining: Removing dead fireworks...
[21:01:30][DEBUG][C:\dasae-storage\dev\source\c-cpp-workspace\projects\tests\test_terminal\examples\pseudo-3d-fps\game\fireworks.c:462] Removed dead fireworks: 16 fireworks remaining
[21:01:30][DEBUG][C:\dasae-storage\dev\source\c-cpp-workspace\projects\tests\test_terminal\examples\pseudo-3d-fps\game\fireworks.c:451] Spawning new firework...
[21:01:30][DEBUG][C:\dasae-storage\dev\source\c-cpp-workspace\projects\tests\test_terminal\examples\pseudo-3d-fps\game\fireworks.c:452] 16 fireworks remaining: Removing dead fireworks...
[21:01:30][DEBUG][C:\dasae-storage\dev\source\c-cpp-workspace\projects\tests\test_terminal\examples\pseudo-3d-fps\game\fireworks.c:462] Removed dead fireworks: 16 fireworks remaining
[21:01:30][DEBUG][C:\dasae-storage\dev\source\c-cpp-workspace\projects\tests\test_terminal\examples\pseudo-3d-fps\game\fireworks.c:451] Spawning new firework...
[21:01:30][DEBUG][C:\dasae-storage\dev\source\c-cpp-workspace\projects\tests\test_terminal\examples\pseudo-3d-fps\game\fireworks.c:452] 16 fireworks remaining: Removing dead fireworks...
[21:01:30][DEBUG][C:\dasae-storage\dev\source\c-cpp-workspace\projects\tests\test_terminal\examples\pseudo-3d-fps\game\fireworks.c:462] Removed dead fireworks: 16 fireworks remaining
[21:01:30][DEBUG][C:\dasae-storage\dev\source\c-cpp-workspace\projects\tests\test_terminal\examples\pseudo-3d-fps\game\fireworks.c:451] Spawning new firework...
[21:01:30][DEBUG][C:\dasae-storage\dev\source\c-cpp-workspace\projects\tests\test_terminal\examples\pseudo-3d-fps\game\fireworks.c:452] 16 fireworks remaining: Removing dead fireworks...
[21:01:30][DEBUG][C:\dasae-storage\dev\source\c-cpp-workspace\projects\tests\test_terminal\examples\pseudo-3d-fps\game\fireworks.c:462] Removed dead fireworks: 16 fireworks remaining
[21:01:30][DEBUG][C:\dasae-storage\dev\source\c-cpp-workspace\projects\tests\test_terminal\examples\pseudo-3d-fps\game\fireworks.c:451] Spawning new firework...
[21:01:30][DEBUG][C:\dasae-storage\dev\source\c-cpp-workspace\projects\tests\test_terminal\examples\pseudo-3d-fps\game\fireworks.c:452] 16 fireworks remaining: Removing dead fireworks...
[21:01:30][DEBUG][C:\dasae-storage\dev\source\c-cpp-workspace\projects\tests\test_terminal\examples\pseudo-3d-fps\game\fireworks.c:462] Removed dead fireworks: 16 fireworks remaining
[21:01:30][DEBUG][C:\dasae-storage\dev\source\c-cpp-workspace\projects\tests\test_terminal\examples\pseudo-3d-fps\game\fireworks.c:451] Spawning new firework...
[21:01:30][DEBUG][C:\dasae-storage\dev\source\c-cpp-workspace\projects\tests\test_terminal\examples\pseudo-3d-fps\game\fireworks.c:452] 16 fireworks remaining: Removing dead fireworks...
[21:01:30][DEBUG][C:\dasae-storage\dev\source\c-cpp-workspace\projects\tests\test_terminal\examples\pseudo-3d-fps\game\fireworks.c:462] Removed dead fireworks: 16 fireworks remaining
[21:01:30][DEBUG][C:\dasae-storage\dev\source\c-cpp-workspace\projects\tests\test_terminal\examples\pseudo-3d-fps\game\fireworks.c:451] Spawning new firework...
[21:01:30][DEBUG][C:\dasae-storage\dev\source\c-cpp-workspace\projects\tests\test_terminal\examples\pseudo-3d-fps\game\fireworks.c:452] 16 fireworks remaining: Removing dead fireworks...
[21:01:30][DEBUG][C:\dasae-storage\dev\source\c-cpp-workspace\projects\tests\test_terminal\examples\pseudo-3d-fps\game\fireworks.c:462] Removed dead fireworks: 16 fireworks remaining
[21:01:31][DEBUG][C:\dasae-storage\dev\source\c-cpp-workspace\projects\tests\test_terminal\examples\pseudo-3d-fps\game\fireworks.c:451] Spawning new firework...
[21:01:31][DEBUG][C:\dasae-storage\dev\source\c-cpp-workspace\projects\tests\test_terminal\examples\pseudo-3d-fps\game\fireworks.c:452] 16 fireworks remaining: Removing dead fireworks...
[21:01:31][DEBUG][C:\dasae-storage\dev\source\c-cpp-workspace\projects\tests\test_terminal\examples\pseudo-3d-fps\game\fireworks.c:462] Removed dead fireworks: 16 fireworks remaining
[21:01:31][DEBUG][C:\dasae-storage\dev\source\c-cpp-workspace\projects\tests\test_terminal\examples\pseudo-3d-fps\game\fireworks.c:451] Spawning new firework...
[21:01:31][DEBUG][C:\dasae-storage\dev\source\c-cpp-workspace\projects\tests\test_terminal\examples\pseudo-3d-fps\game\fireworks.c:452] 16 fireworks remaining: Removing dead fireworks...
[21:01:31][DEBUG][C:\dasae-storage\dev\source\c-cpp-workspace\projects\tests\test_terminal\examples\pseudo-3d-fps\game\fireworks.c:462] Removed dead fireworks: 16 fireworks remaining
[21:01:31][DEBUG][C:\dasae-storage\dev\source\c-cpp-workspace\projects\tests\test_terminal\examples\pseudo-3d-fps\game\fireworks.c:451] Spawning new firework...
[21:01:31][DEBUG][C:\dasae-storage\dev\source\c-cpp-workspace\projects\tests\test_terminal\examples\pseudo-3d-fps\game\fireworks.c:452] 16 fireworks remaining: Removing dead fireworks...
[21:01:31][DEBUG][C:\dasae-storage\dev\source\c-cpp-workspace\projects\tests\test_terminal\examples\pseudo-3d-fps\game\fireworks.c:462] Removed dead fireworks: 16 fireworks remaining
[21:01:31][DEBUG][C:\dasae-storage\dev\source\c-cpp-workspace\projects\tests\test_terminal\examples\pseudo-3d-fps\game\fireworks.c:451] Spawning new firework...
[21:01:31][DEBUG][C:\dasae-storage\dev\source\c-cpp-workspace\projects\tests\test_terminal\examples\pseudo-3d-fps\game\fireworks.c:452] 16 fireworks remaining: Removing dead fireworks...
[21:01:31][DEBUG][C:\dasae-storage\dev\source\c-cpp-workspace\projects\tests\test_terminal\examples\pseudo-3d-fps\game\fireworks.c:462] Removed dead fireworks: 16 fireworks remaining
[21:01:31][DEBUG][C:\dasae-storage\dev\source\c-cpp-workspace\projects\tests\test_terminal\examples\pseudo-3d-fps\game\fireworks.c:451] Spawning new firework...
[21:01:31][DEBUG][C:\dasae-storage\dev\source\c-cpp-workspace\projects\tests\test_terminal\examples\pseudo-3d-fps\game\fireworks.c:452] 16 fireworks remaining: Removing dead fireworks...
[21:01:31][DEBUG][C:\dasae-storage\dev\source\c-cpp-workspace\projects\tests\test_terminal\examples\pseudo-3d-fps\game\fireworks.c:462] Removed dead fireworks: 16 fireworks remaining
[21:01:31][DEBUG][C:\dasae-storage\dev\source\c-cpp-workspace\projects\tests\test_terminal\examples\pseudo-3d-fps\game\fireworks.c:158] pressed space

[21:01:31][DEBUG][C:\dasae-storage\dev\source\c-cpp-workspace\projects\tests\test_terminal\examples\pseudo-3d-fps\game\fireworks.c:451] Spawning new firework...
[21:01:31][DEBUG][C:\dasae-storage\dev\source\c-cpp-workspace\projects\tests\test_terminal\examples\pseudo-3d-fps\game\fireworks.c:452] 16 fireworks remaining: Removing dead fireworks...
[21:01:31][DEBUG][C:\dasae-storage\dev\source\c-cpp-workspace\projects\tests\test_terminal\examples\pseudo-3d-fps\game\fireworks.c:462] Removed dead fireworks: 16 fireworks remaining
[21:01:31][DEBUG][C:\dasae-storage\dev\source\c-cpp-workspace\projects\tests\test_terminal\examples\pseudo-3d-fps\game\fireworks.c:158] pressed space

[21:01:31][DEBUG][C:\dasae-storage\dev\source\c-cpp-workspace\projects\tests\test_terminal\examples\pseudo-3d-fps\game\fireworks.c:451] Spawning new firework...
[21:01:31][DEBUG][C:\dasae-storage\dev\source\c-cpp-workspace\projects\tests\test_terminal\examples\pseudo-3d-fps\game\fireworks.c:452] 16 fireworks remaining: Removing dead fireworks...
[21:01:31][DEBUG][C:\dasae-storage\dev\source\c-cpp-workspace\projects\tests\test_terminal\examples\pseudo-3d-fps\game\fireworks.c:462] Removed dead fireworks: 16 fireworks remaining
[21:01:32][DEBUG][C:\dasae-storage\dev\source\c-cpp-workspace\projects\tests\test_terminal\examples\pseudo-3d-fps\game\fireworks.c:158] pressed space

[21:01:32][DEBUG][C:\dasae-storage\dev\source\c-cpp-workspace\projects\tests\test_terminal\examples\pseudo-3d-fps\game\fireworks.c:451] Spawning new firework...
[21:01:32][DEBUG][C:\dasae-storage\dev\source\c-cpp-workspace\projects\tests\test_terminal\examples\pseudo-3d-fps\game\fireworks.c:452] 16 fireworks remaining: Removing dead fireworks...
[21:01:32][DEBUG][C:\dasae-storage\dev\source\c-cpp-workspace\projects\tests\test_terminal\examples\pseudo-3d-fps\game\fireworks.c:462] Removed dead fireworks: 16 fireworks remaining
[21:01:32][DEBUG][C:\dasae-storage\dev\source\c-cpp-workspace\projects\tests\test_terminal\examples\pseudo-3d-fps\game\fireworks.c:451] Spawning new firework...
[21:01:32][DEBUG][C:\dasae-storage\dev\source\c-cpp-workspace\projects\tests\test_terminal\examples\pseudo-3d-fps\game\fireworks.c:452] 16 fireworks remaining: Removing dead fireworks...
[21:01:32][DEBUG][C:\dasae-storage\dev\source\c-cpp-workspace\projects\tests\test_terminal\examples\pseudo-3d-fps\game\fireworks.c:462] Removed dead fireworks: 16 fireworks remaining
[21:01:32][DEBUG][C:\dasae-storage\dev\source\c-cpp-workspace\projects\tests\test_terminal\examples\pseudo-3d-fps\game\fireworks.c:451] Spawning new firework...
[21:01:32][DEBUG][C:\dasae-storage\dev\source\c-cpp-workspace\projects\tests\test_terminal\examples\pseudo-3d-fps\game\fireworks.c:452] 16 fireworks remaining: Removing dead fireworks...
[21:01:32][DEBUG][C:\dasae-storage\dev\source\c-cpp-workspace\projects\tests\test_terminal\examples\pseudo-3d-fps\game\fireworks.c:462] Removed dead fireworks: 16 fireworks remaining
[21:01:32][DEBUG][C:\dasae-storage\dev\source\c-cpp-workspace\projects\tests\test_terminal\examples\pseudo-3d-fps\game\fireworks.c:451] Spawning new firework...
[21:01:32][DEBUG][C:\dasae-storage\dev\source\c-cpp-workspace\projects\tests\test_terminal\examples\pseudo-3d-fps\game\fireworks.c:452] 16 fireworks remaining: Removing dead fireworks...
[21:01:32][DEBUG][C:\dasae-storage\dev\source\c-cpp-workspace\projects\tests\test_terminal\examples\pseudo-3d-fps\game\fireworks.c:462] Removed dead fireworks: 16 fireworks remaining
[21:01:32][DEBUG][C:\dasae-storage\dev\source\c-cpp-workspace\projects\tests\test_terminal\examples\pseudo-3d-fps\game\fireworks.c:451] Spawning new firework...
[21:01:32][DEBUG][C:\dasae-storage\dev\source\c-cpp-workspace\projects\tests\test_terminal\examples\pseudo-3d-fps\game\fireworks.c:452] 16 fireworks remaining: Removing dead fireworks...
[21:01:32][DEBUG][C:\dasae-storage\dev\source\c-cpp-workspace\projects\tests\test_terminal\examples\pseudo-3d-fps\game\fireworks.c:462] Removed dead fireworks: 16 fireworks remaining
[21:01:32][DEBUG][C:\dasae-storage\dev\source\c-cpp-workspace\projects\tests\test_terminal\examples\pseudo-3d-fps\game\fireworks.c:451] Spawning new firework...
[21:01:32][DEBUG][C:\dasae-storage\dev\source\c-cpp-workspace\projects\tests\test_terminal\examples\pseudo-3d-fps\game\fireworks.c:452] 16 fireworks remaining: Removing dead fireworks...
[21:01:32][DEBUG][C:\dasae-storage\dev\source\c-cpp-workspace\projects\tests\test_terminal\examples\pseudo-3d-fps\game\fireworks.c:462] Removed dead fireworks: 16 fireworks remaining
[21:01:32][DEBUG][C:\dasae-storage\dev\source\c-cpp-workspace\projects\tests\test_terminal\examples\pseudo-3d-fps\game\fireworks.c:158] pressed space

[21:01:32][DEBUG][C:\dasae-storage\dev\source\c-cpp-workspace\projects\tests\test_terminal\examples\pseudo-3d-fps\game\fireworks.c:451] Spawning new firework...
[21:01:32][DEBUG][C:\dasae-storage\dev\source\c-cpp-workspace\projects\tests\test_terminal\examples\pseudo-3d-fps\game\fireworks.c:452] 16 fireworks remaining: Removing dead fireworks...
[21:01:32][DEBUG][C:\dasae-storage\dev\source\c-cpp-workspace\projects\tests\test_terminal\examples\pseudo-3d-fps\game\fireworks.c:462] Removed dead fireworks: 16 fireworks remaining
[21:01:32][DEBUG][C:\dasae-storage\dev\source\c-cpp-workspace\projects\tests\test_terminal\examples\pseudo-3d-fps\game\fireworks.c:451] Spawning new firework...
[21:01:32][DEBUG][C:\dasae-storage\dev\source\c-cpp-workspace\projects\tests\test_terminal\examples\pseudo-3d-fps\game\fireworks.c:452] 16 fireworks remaining: Removing dead fireworks...
[21:01:32][DEBUG][C:\dasae-storage\dev\source\c-cpp-workspace\projects\tests\test_terminal\examples\pseudo-3d-fps\game\fireworks.c:462] Removed dead fireworks: 16 fireworks remaining
[21:01:32][DEBUG][C:\dasae-storage\dev\source\c-cpp-workspace\projects\tests\test_terminal\examples\pseudo-3d-fps\game\fireworks.c:451] Spawning new firework...
[21:01:32][DEBUG][C:\dasae-storage\dev\source\c-cpp-workspace\projects\tests\test_terminal\examples\pseudo-3d-fps\game\fireworks.c:452] 16 fireworks remaining: Removing dead fireworks...
[21:01:32][DEBUG][C:\dasae-storage\dev\source\c-cpp-workspace\projects\tests\test_terminal\examples\pseudo-3d-fps\game\fireworks.c:462] Removed dead fireworks: 16 fireworks remaining
[21:01:32][DEBUG][C:\dasae-storage\dev\source\c-cpp-workspace\projects\tests\test_terminal\examples\pseudo-3d-fps\game\fireworks.c:451] Spawning new firework...
[21:01:32][DEBUG][C:\dasae-storage\dev\source\c-cpp-workspace\projects\tests\test_terminal\examples\pseudo-3d-fps\game\fireworks.c:452] 16 fireworks remaining: Removing dead fireworks...
[21:01:32][DEBUG][C:\dasae-storage\dev\source\c-cpp-workspace\projects\tests\test_terminal\examples\pseudo-3d-fps\game\fireworks.c:462] Removed dead fireworks: 16 fireworks remaining
[21:01:32][DEBUG][C:\dasae-storage\dev\source\c-cpp-workspace\projects\tests\test_terminal\examples\pseudo-3d-fps\game\fireworks.c:158] pressed space

[21:01:32][DEBUG][C:\dasae-storage\dev\source\c-cpp-workspace\projects\tests\test_terminal\examples\pseudo-3d-fps\game\fireworks.c:451] Spawning new firework...
[21:01:32][DEBUG][C:\dasae-storage\dev\source\c-cpp-workspace\projects\tests\test_terminal\examples\pseudo-3d-fps\game\fireworks.c:452] 16 fireworks remaining: Removing dead fireworks...
[21:01:32][DEBUG][C:\dasae-storage\dev\source\c-cpp-workspace\projects\tests\test_terminal\examples\pseudo-3d-fps\game\fireworks.c:462] Removed dead fireworks: 16 fireworks remaining
[21:01:32][DEBUG][C:\dasae-storage\dev\source\c-cpp-workspace\projects\tests\test_terminal\examples\pseudo-3d-fps\game\fireworks.c:451] Spawning new firework...
[21:01:32][DEBUG][C:\dasae-storage\dev\source\c-cpp-workspace\projects\tests\test_terminal\examples\pseudo-3d-fps\game\fireworks.c:452] 16 fireworks remaining: Removing dead fireworks...
[21:01:32][DEBUG][C:\dasae-storage\dev\source\c-cpp-workspace\projects\tests\test_terminal\examples\pseudo-3d-fps\game\fireworks.c:462] Removed dead fireworks: 16 fireworks remaining
[21:01:32][DEBUG][C:\dasae-storage\dev\source\c-cpp-workspace\projects\tests\test_terminal\examples\pseudo-3d-fps\game\fireworks.c:451] Spawning new firework...
[21:01:32][DEBUG][C:\dasae-storage\dev\source\c-cpp-workspace\projects\tests\test_terminal\examples\pseudo-3d-fps\game\fireworks.c:452] 16 fireworks remaining: Removing dead fireworks...
[21:01:32][DEBUG][C:\dasae-storage\dev\source\c-cpp-workspace\projects\tests\test_terminal\examples\pseudo-3d-fps\game\fireworks.c:462] Removed dead fireworks: 16 fireworks remaining
[21:01:32][DEBUG][C:\dasae-storage\dev\source\c-cpp-workspace\projects\tests\test_terminal\examples\pseudo-3d-fps\game\fireworks.c:158] pressed space

[21:01:32][DEBUG][C:\dasae-storage\dev\source\c-cpp-workspace\projects\tests\test_terminal\examples\pseudo-3d-fps\game\fireworks.c:451] Spawning new firework...
[21:01:32][DEBUG][C:\dasae-storage\dev\source\c-cpp-workspace\projects\tests\test_terminal\examples\pseudo-3d-fps\game\fireworks.c:452] 16 fireworks remaining: Removing dead fireworks...
[21:01:32][DEBUG][C:\dasae-storage\dev\source\c-cpp-workspace\projects\tests\test_terminal\examples\pseudo-3d-fps\game\fireworks.c:462] Removed dead fireworks: 16 fireworks remaining
[21:01:32][DEBUG][C:\dasae-storage\dev\source\c-cpp-workspace\projects\tests\test_terminal\examples\pseudo-3d-fps\game\fireworks.c:451] Spawning new firework...
[21:01:32][DEBUG][C:\dasae-storage\dev\source\c-cpp-workspace\projects\tests\test_terminal\examples\pseudo-3d-fps\game\fireworks.c:452] 16 fireworks remaining: Removing dead fireworks...
[21:01:32][DEBUG][C:\dasae-storage\dev\source\c-cpp-workspace\projects\tests\test_terminal\examples\pseudo-3d-fps\game\fireworks.c:462] Removed dead fireworks: 16 fireworks remaining
[21:01:32][DEBUG][C:\dasae-storage\dev\source\c-cpp-workspace\projects\tests\test_terminal\examples\pseudo-3d-fps\game\fireworks.c:158] pressed space

[21:01:32][DEBUG][C:\dasae-storage\dev\source\c-cpp-workspace\projects\tests\test_terminal\examples\pseudo-3d-fps\game\fireworks.c:451] Spawning new firework...
[21:01:32][DEBUG][C:\dasae-storage\dev\source\c-cpp-workspace\projects\tests\test_terminal\examples\pseudo-3d-fps\game\fireworks.c:452] 16 fireworks remaining: Removing dead fireworks...
[21:01:32][DEBUG][C:\dasae-storage\dev\source\c-cpp-workspace\projects\tests\test_terminal\examples\pseudo-3d-fps\game\fireworks.c:462] Removed dead fireworks: 16 fireworks remaining
[21:01:32][DEBUG][C:\dasae-storage\dev\source\c-cpp-workspace\projects\tests\test_terminal\examples\pseudo-3d-fps\game\fireworks.c:158] pressed space

[21:01:32][DEBUG][C:\dasae-storage\dev\source\c-cpp-workspace\projects\tests\test_terminal\examples\pseudo-3d-fps\game\fireworks.c:451] Spawning new firework...
[21:01:32][DEBUG][C:\dasae-storage\dev\source\c-cpp-workspace\projects\tests\test_terminal\examples\pseudo-3d-fps\game\fireworks.c:452] 16 fireworks remaining: Removing dead fireworks...
[21:01:32][DEBUG][C:\dasae-storage\dev\source\c-cpp-workspace\projects\tests\test_terminal\examples\pseudo-3d-fps\game\fireworks.c:462] Removed dead fireworks: 16 fireworks remaining
[21:01:32][DEBUG][C:\dasae-storage\dev\source\c-cpp-workspace\projects\tests\test_terminal\examples\pseudo-3d-fps\game\fireworks.c:451] Spawning new firework...
[21:01:32][DEBUG][C:\dasae-storage\dev\source\c-cpp-workspace\projects\tests\test_terminal\examples\pseudo-3d-fps\game\fireworks.c:452] 16 fireworks remaining: Removing dead fireworks...
[21:01:32][DEBUG][C:\dasae-storage\dev\source\c-cpp-workspace\projects\tests\test_terminal\examples\pseudo-3d-fps\game\fireworks.c:462] Removed dead fireworks: 16 fireworks remaining
[21:01:33][DEBUG][C:\dasae-storage\dev\source\c-cpp-workspace\projects\tests\test_terminal\examples\pseudo-3d-fps\game\fireworks.c:158] pressed space

[21:01:33][DEBUG][C:\dasae-storage\dev\source\c-cpp-workspace\projects\tests\test_terminal\examples\pseudo-3d-fps\game\fireworks.c:451] Spawning new firework...
[21:01:33][DEBUG][C:\dasae-storage\dev\source\c-cpp-workspace\projects\tests\test_terminal\examples\pseudo-3d-fps\game\fireworks.c:452] 16 fireworks remaining: Removing dead fireworks...
[21:01:33][DEBUG][C:\dasae-storage\dev\source\c-cpp-workspace\projects\tests\test_terminal\examples\pseudo-3d-fps\game\fireworks.c:462] Removed dead fireworks: 16 fireworks remaining
[21:01:33][DEBUG][C:\dasae-storage\dev\source\c-cpp-workspace\projects\tests\test_terminal\examples\pseudo-3d-fps\game\fireworks.c:451] Spawning new firework...
[21:01:33][DEBUG][C:\dasae-storage\dev\source\c-cpp-workspace\projects\tests\test_terminal\examples\pseudo-3d-fps\game\fireworks.c:452] 16 fireworks remaining: Removing dead fireworks...
[21:01:33][DEBUG][C:\dasae-storage\dev\source\c-cpp-workspace\projects\tests\test_terminal\examples\pseudo-3d-fps\game\fireworks.c:462] Removed dead fireworks: 16 fireworks remaining
[21:01:33][DEBUG][C:\dasae-storage\dev\source\c-cpp-workspace\projects\tests\test_terminal\examples\pseudo-3d-fps\game\fireworks.c:451] Spawning new firework...
[21:01:33][DEBUG][C:\dasae-storage\dev\source\c-cpp-workspace\projects\tests\test_terminal\examples\pseudo-3d-fps\game\fireworks.c:452] 16 fireworks remaining: Removing dead fireworks...
[21:01:33][DEBUG][C:\dasae-storage\dev\source\c-cpp-workspace\projects\tests\test_terminal\examples\pseudo-3d-fps\game\fireworks.c:462] Removed dead fireworks: 16 fireworks remaining
[21:01:33][DEBUG][C:\dasae-storage\dev\source\c-cpp-workspace\projects\tests\test_terminal\examples\pseudo-3d-fps\game\fireworks.c:451] Spawning new firework...
[21:01:33][DEBUG][C:\dasae-storage\dev\source\c-cpp-workspace\projects\tests\test_terminal\examples\pseudo-3d-fps\game\fireworks.c:452] 16 fireworks remaining: Removing dead fireworks...
[21:01:33][DEBUG][C:\dasae-storage\dev\source\c-cpp-workspace\projects\tests\test_terminal\examples\pseudo-3d-fps\game\fireworks.c:462] Removed dead fireworks: 16 fireworks remaining
[21:01:33][DEBUG][C:\dasae-storage\dev\source\c-cpp-workspace\projects\tests\test_terminal\examples\pseudo-3d-fps\game\fireworks.c:158] pressed space

[21:01:33][DEBUG][C:\dasae-storage\dev\source\c-cpp-workspace\projects\tests\test_terminal\examples\pseudo-3d-fps\game\fireworks.c:451] Spawning new firework...
[21:01:33][DEBUG][C:\dasae-storage\dev\source\c-cpp-workspace\projects\tests\test_terminal\examples\pseudo-3d-fps\game\fireworks.c:452] 16 fireworks remaining: Removing dead fireworks...
[21:01:33][DEBUG][C:\dasae-storage\dev\source\c-cpp-workspace\projects\tests\test_terminal\examples\pseudo-3d-fps\game\fireworks.c:462] Removed dead fireworks: 16 fireworks remaining
[21:01:33][DEBUG][C:\dasae-storage\dev\source\c-cpp-workspace\projects\tests\test_terminal\examples\pseudo-3d-fps\game\fireworks.c:158] pressed space

[21:01:33][DEBUG][C:\dasae-storage\dev\source\c-cpp-workspace\projects\tests\test_terminal\examples\pseudo-3d-fps\game\fireworks.c:451] Spawning new firework...
[21:01:33][DEBUG][C:\dasae-storage\dev\source\c-cpp-workspace\projects\tests\test_terminal\examples\pseudo-3d-fps\game\fireworks.c:452] 16 fireworks remaining: Removing dead fireworks...
[21:01:33][DEBUG][C:\dasae-storage\dev\source\c-cpp-workspace\projects\tests\test_terminal\examples\pseudo-3d-fps\game\fireworks.c:462] Removed dead fireworks: 16 fireworks remaining
[21:01:33][DEBUG][C:\dasae-storage\dev\source\c-cpp-workspace\projects\tests\test_terminal\examples\pseudo-3d-fps\game\fireworks.c:158] pressed space

[21:01:33][DEBUG][C:\dasae-storage\dev\source\c-cpp-workspace\projects\tests\test_terminal\examples\pseudo-3d-fps\game\fireworks.c:451] Spawning new firework...
[21:01:33][DEBUG][C:\dasae-storage\dev\source\c-cpp-workspace\projects\tests\test_terminal\examples\pseudo-3d-fps\game\fireworks.c:452] 16 fireworks remaining: Removing dead fireworks...
[21:01:33][DEBUG][C:\dasae-storage\dev\source\c-cpp-workspace\projects\tests\test_terminal\examples\pseudo-3d-fps\game\fireworks.c:462] Removed dead fireworks: 16 fireworks remaining
[21:01:33][DEBUG][C:\dasae-storage\dev\source\c-cpp-workspace\projects\tests\test_terminal\examples\pseudo-3d-fps\game\fireworks.c:451] Spawning new firework...
[21:01:33][DEBUG][C:\dasae-storage\dev\source\c-cpp-workspace\projects\tests\test_terminal\examples\pseudo-3d-fps\game\fireworks.c:452] 16 fireworks remaining: Removing dead fireworks...
[21:01:33][DEBUG][C:\dasae-storage\dev\source\c-cpp-workspace\projects\tests\test_terminal\examples\pseudo-3d-fps\game\fireworks.c:462] Removed dead fireworks: 16 fireworks remaining
[21:01:33][DEBUG][C:\dasae-storage\dev\source\c-cpp-workspace\projects\tests\test_terminal\examples\pseudo-3d-fps\game\fireworks.c:451] Spawning new firework...
[21:01:33][DEBUG][C:\dasae-storage\dev\source\c-cpp-workspace\projects\tests\test_terminal\examples\pseudo-3d-fps\game\fireworks.c:452] 16 fireworks remaining: Removing dead fireworks...
[21:01:33][DEBUG][C:\dasae-storage\dev\source\c-cpp-workspace\projects\tests\test_terminal\examples\pseudo-3d-fps\game\fireworks.c:462] Removed dead fireworks: 16 fireworks remaining
[21:01:33][DEBUG][C:\dasae-storage\dev\source\c-cpp-workspace\projects\tests\test_terminal\examples\pseudo-3d-fps\game\fireworks.c:158] pressed space

[21:01:33][DEBUG][C:\dasae-storage\dev\source\c-cpp-workspace\projects\tests\test_terminal\examples\pseudo-3d-fps\game\fireworks.c:451] Spawning new firework...
[21:01:33][DEBUG][C:\dasae-storage\dev\source\c-cpp-workspace\projects\tests\test_terminal\examples\pseudo-3d-fps\game\fireworks.c:452] 16 fireworks remaining: Removing dead fireworks...
[21:01:33][DEBUG][C:\dasae-storage\dev\source\c-cpp-workspace\projects\tests\test_terminal\examples\pseudo-3d-fps\game\fireworks.c:462] Removed dead fireworks: 16 fireworks remaining
[21:01:33][DEBUG][C:\dasae-storage\dev\source\c-cpp-workspace\projects\tests\test_terminal\examples\pseudo-3d-fps\game\fireworks.c:451] Spawning new firework...
[21:01:33][DEBUG][C:\dasae-storage\dev\source\c-cpp-workspace\projects\tests\test_terminal\examples\pseudo-3d-fps\game\fireworks.c:452] 16 fireworks remaining: Removing dead fireworks...
[21:01:33][DEBUG][C:\dasae-storage\dev\source\c-cpp-workspace\projects\tests\test_terminal\examples\pseudo-3d-fps\game\fireworks.c:462] Removed dead fireworks: 16 fireworks remaining
[21:01:33][DEBUG][C:\dasae-storage\dev\source\c-cpp-workspace\projects\tests\test_terminal\examples\pseudo-3d-fps\game\fireworks.c:451] Spawning new firework...
[21:01:33][DEBUG][C:\dasae-storage\dev\source\c-cpp-workspace\projects\tests\test_terminal\examples\pseudo-3d-fps\game\fireworks.c:452] 16 fireworks remaining: Removing dead fireworks...
[21:01:33][DEBUG][C:\dasae-storage\dev\source\c-cpp-workspace\projects\tests\test_terminal\examples\pseudo-3d-fps\game\fireworks.c:462] Removed dead fireworks: 16 fireworks remaining
[21:01:33][DEBUG][C:\dasae-storage\dev\source\c-cpp-workspace\projects\tests\test_terminal\examples\pseudo-3d-fps\game\fireworks.c:451] Spawning new firework...
[21:01:33][DEBUG][C:\dasae-storage\dev\source\c-cpp-workspace\projects\tests\test_terminal\examples\pseudo-3d-fps\game\fireworks.c:452] 16 fireworks remaining: Removing dead fireworks...
[21:01:33][DEBUG][C:\dasae-storage\dev\source\c-cpp-workspace\projects\tests\test_terminal\examples\pseudo-3d-fps\game\fireworks.c:462] Removed dead fireworks: 16 fireworks remaining
[21:01:33][DEBUG][C:\dasae-storage\dev\source\c-cpp-workspace\projects\tests\test_terminal\examples\pseudo-3d-fps\game\fireworks.c:451] Spawning new firework...
[21:01:33][DEBUG][C:\dasae-storage\dev\source\c-cpp-workspace\projects\tests\test_terminal\examples\pseudo-3d-fps\game\fireworks.c:452] 16 fireworks remaining: Removing dead fireworks...
[21:01:33][DEBUG][C:\dasae-storage\dev\source\c-cpp-workspace\projects\tests\test_terminal\examples\pseudo-3d-fps\game\fireworks.c:462] Removed dead fireworks: 16 fireworks remaining
[21:01:34][DEBUG][C:\dasae-storage\dev\source\c-cpp-workspace\projects\tests\test_terminal\examples\pseudo-3d-fps\game\fireworks.c:451] Spawning new firework...
[21:01:34][DEBUG][C:\dasae-storage\dev\source\c-cpp-workspace\projects\tests\test_terminal\examples\pseudo-3d-fps\game\fireworks.c:452] 16 fireworks remaining: Removing dead fireworks...
[21:01:34][DEBUG][C:\dasae-storage\dev\source\c-cpp-workspace\projects\tests\test_terminal\examples\pseudo-3d-fps\game\fireworks.c:462] Removed dead fireworks: 16 fireworks remaining
[21:01:34][DEBUG][C:\dasae-storage\dev\source\c-cpp-workspace\projects\tests\test_terminal\examples\pseudo-3d-fps\game\fireworks.c:153] pressed esc

[21:01:34][DEBUG][C:\dasae-storage\dev\source\c-cpp-workspace\projects\tests\test_terminal\examples\pseudo-3d-fps\game\fireworks.c:292] Destroying firework(000001732F3176B8)

[21:01:34][DEBUG][C:\dasae-storage\dev\source\c-cpp-workspace\projects\tests\test_terminal\examples\pseudo-3d-fps\game\fireworks.c:292] Destroying firework(000001732F317720)

[21:01:34][DEBUG][C:\dasae-storage\dev\source\c-cpp-workspace\projects\tests\test_terminal\examples\pseudo-3d-fps\game\fireworks.c:292] Destroying firework(000001732F317788)

[21:01:34][DEBUG][C:\dasae-storage\dev\source\c-cpp-workspace\projects\tests\test_terminal\examples\pseudo-3d-fps\game\fireworks.c:292] Destroying firework(000001732F3177F0)

[21:01:34][DEBUG][C:\dasae-storage\dev\source\c-cpp-workspace\projects\tests\test_terminal\examples\pseudo-3d-fps\game\fireworks.c:292] Destroying firework(000001732F317858)

[21:01:34][DEBUG][C:\dasae-storage\dev\source\c-cpp-workspace\projects\tests\test_terminal\examples\pseudo-3d-fps\game\fireworks.c:292] Destroying firework(000001732F3178C0)

[21:01:34][DEBUG][C:\dasae-storage\dev\source\c-cpp-workspace\projects\tests\test_terminal\examples\pseudo-3d-fps\game\fireworks.c:292] Destroying firework(000001732F317928)

[21:01:34][DEBUG][C:\dasae-storage\dev\source\c-cpp-workspace\projects\tests\test_terminal\examples\pseudo-3d-fps\game\fireworks.c:292] Destroying firework(000001732F317990)

[21:01:34][DEBUG][C:\dasae-storage\dev\source\c-cpp-workspace\projects\tests\test_terminal\examples\pseudo-3d-fps\game\fireworks.c:292] Destroying firework(000001732F3179F8)

[21:01:34][DEBUG][C:\dasae-storage\dev\source\c-cpp-workspace\projects\tests\test_terminal\examples\pseudo-3d-fps\game\fireworks.c:292] Destroying firework(000001732F317A60)

[21:01:34][DEBUG][C:\dasae-storage\dev\source\c-cpp-workspace\projects\tests\test_terminal\examples\pseudo-3d-fps\game\fireworks.c:292] Destroying firework(000001732F317AC8)

[21:01:34][DEBUG][C:\dasae-storage\dev\source\c-cpp-workspace\projects\tests\test_terminal\examples\pseudo-3d-fps\game\fireworks.c:292] Destroying firework(000001732F317B30)

[21:01:34][DEBUG][C:\dasae-storage\dev\source\c-cpp-workspace\projects\tests\test_terminal\examples\pseudo-3d-fps\game\fireworks.c:292] Destroying firework(000001732F317B98)

[21:01:34][DEBUG][C:\dasae-storage\dev\source\c-cpp-workspace\projects\tests\test_terminal\examples\pseudo-3d-fps\game\fireworks.c:292] Destroying firework(000001732F317C00)

[21:01:34][DEBUG][C:\dasae-storage\dev\source\c-cpp-workspace\projects\tests\test_terminal\examples\pseudo-3d-fps\game\fireworks.c:292] Destroying firework(000001732F317C68)

[21:01:34][DEBUG][C:\dasae-storage\dev\source\c-cpp-workspace\projects\tests\test_terminal\examples\pseudo-3d-fps\game\fireworks.c:292] Destroying firework(000001732F317CD0)

